Сборка начата 18.03.2024 16:56:15.
Уровень детализации журнала: Normal.     1>Проект "C:\Users\Manmade\Desktop\ОАИП\Код-2сем\OAP_2sem\lab 8\lab 8\lab 8.vcxproj" в узле 2 (целевые объекты Build).
     1>PrepareForBuild:
         Структурированный вывод включен. Форматирование диагностики компилятора будет отражать иерархию ошибок. Подробнее см. https://aka.ms/cpp/structured-output.
       InitializeBuildStatus:
         Создание "x64\Debug\lab 8.tlog\unsuccessfulbuild", так как было задано "AlwaysCreate".
         Обращение к "x64\Debug\lab 8.tlog\unsuccessfulbuild".
       ClCompile:
         C:\Program Files\Microsoft Visual Studio\2022\Community\VC\Tools\MSVC\14.39.33519\bin\HostX64\x64\CL.exe /c /ZI /JMC /nologo /W3 /WX- /diagnostics:column /sdl /Od /D _DEBUG /D _CONSOLE /D _UNICODE /D UNICODE /Gm- /EHsc /RTC1 /MDd /GS /fp:precise /Zc:wchar_t /Zc:forScope /Zc:inline /permissive- /Fo"x64\Debug\\" /Fd"x64\Debug\vc143.pdb" /external:W3 /Gd /TP /FC /errorReport:prompt "lab 8.cpp" process_queue.cpp
         lab 8.cpp
     1>C:\Users\Manmade\Desktop\ОАИП\Код-2сем\OAP_2sem\lab 8\lab 8\lab 8.cpp(6,1): warning C4326: возвращаемый тип "main" должен быть "int", а не "void"
     1>C:\Users\Manmade\Desktop\ОАИП\Код-2сем\OAP_2sem\lab 8\lab 8\lab 8.cpp(20,6): warning C4101: controll_size: неиспользованная локальная переменная
         process_queue.cpp
         Создание кода...
       Link:
         C:\Program Files\Microsoft Visual Studio\2022\Community\VC\Tools\MSVC\14.39.33519\bin\HostX64\x64\link.exe /ERRORREPORT:PROMPT /OUT:"C:\Users\Manmade\Desktop\ОАИП\Код-2сем\OAP_2sem\lab 8\x64\Debug\lab 8.exe" /INCREMENTAL /ILK:"x64\Debug\lab 8.ilk" /NOLOGO kernel32.lib user32.lib gdi32.lib winspool.lib comdlg32.lib advapi32.lib shell32.lib ole32.lib oleaut32.lib uuid.lib odbc32.lib odbccp32.lib /MANIFEST /MANIFESTUAC:"level='asInvoker' uiAccess='false'" /manifest:embed /DEBUG /PDB:"C:\Users\Manmade\Desktop\ОАИП\Код-2сем\OAP_2sem\lab 8\x64\Debug\lab 8.pdb" /SUBSYSTEM:CONSOLE /TLBID:1 /DYNAMICBASE /NXCOMPAT /IMPLIB:"C:\Users\Manmade\Desktop\ОАИП\Код-2сем\OAP_2sem\lab 8\x64\Debug\lab 8.lib" /MACHINE:X64 "x64\Debug\lab 8.obj"
         x64\Debug\process_queue.obj
         lab 8.vcxproj -> C:\Users\Manmade\Desktop\ОАИП\Код-2сем\OAP_2sem\lab 8\x64\Debug\lab 8.exe
       FinalizeBuildStatus:
         Файл "x64\Debug\lab 8.tlog\unsuccessfulbuild" удаляется.
         Обращение к "x64\Debug\lab 8.tlog\lab 8.lastbuildstate".
     1>Сборка проекта "C:\Users\Manmade\Desktop\ОАИП\Код-2сем\OAP_2sem\lab 8\lab 8\lab 8.vcxproj" завершена (целевые объекты Build).

Сборка успешно завершена.

       "C:\Users\Manmade\Desktop\ОАИП\Код-2сем\OAP_2sem\lab 8\lab 8\lab 8.vcxproj" (целевой объект Build ) (1) ->
       (Целевой объект ClCompile) -> 
         C:\Users\Manmade\Desktop\ОАИП\Код-2сем\OAP_2sem\lab 8\lab 8\lab 8.cpp(6,1): warning C4326: возвращаемый тип "main" должен быть "int", а не "void"
         C:\Users\Manmade\Desktop\ОАИП\Код-2сем\OAP_2sem\lab 8\lab 8\lab 8.cpp(20,6): warning C4101: controll_size: неиспользованная локальная переменная

    Предупреждений: 2
    Ошибок: 0

Прошло времени 00:00:01.24
