Сборка начата 13.02.2024 16:14:20.
Уровень детализации журнала: Normal.     1>Проект "C:\Users\Manmade\Desktop\ОАИП\Код-2сем\lab3\Var15.1\Var15.1.vcxproj" в узле 2 (целевые объекты Build).
     1>InitializeBuildStatus:
         Создание "x64\Debug\Var15.1.tlog\unsuccessfulbuild", так как было задано "AlwaysCreate".
         Обращение к "x64\Debug\Var15.1.tlog\unsuccessfulbuild".
       ClCompile:
         C:\Program Files\Microsoft Visual Studio\2022\Community\VC\Tools\MSVC\14.37.32822\bin\HostX64\x64\CL.exe /c /ZI /JMC /nologo /W3 /WX- /diagnostics:column /sdl /Od /D _DEBUG /D _CONSOLE /D _UNICODE /D UNICODE /Gm- /EHsc /RTC1 /MDd /GS /fp:precise /Zc:wchar_t /Zc:forScope /Zc:inline /permissive- /Fo"x64\Debug\\" /Fd"x64\Debug\vc143.pdb" /external:W3 /Gd /TP /FC /errorReport:prompt Var15.1.cpp
         Var15.1.cpp
     1>C:\Users\Manmade\Desktop\ОАИП\Код-2сем\lab3\Var15.1\Var15.1.cpp(8,1): warning C4326: возвращаемый тип "main" должен быть "int", а не "void"
     1>C:\Users\Manmade\Desktop\ОАИП\Код-2сем\lab3\Var15.1\Var15.1.cpp(17,20): warning C4267: инициализация: преобразование из "size_t" в "int"; возможна потеря данных
     1>C:\Users\Manmade\Desktop\ОАИП\Код-2сем\lab3\Var15.1\Var15.1.cpp(85,19): warning C4267: инициализация: преобразование из "size_t" в "int"; возможна потеря данных
     1>C:\Users\Manmade\Desktop\ОАИП\Код-2сем\lab3\Var15.1\Var15.1.cpp(109,17): warning C4267: инициализация: преобразование из "size_t" в "int"; возможна потеря данных
       Link:
         C:\Program Files\Microsoft Visual Studio\2022\Community\VC\Tools\MSVC\14.37.32822\bin\HostX64\x64\link.exe /ERRORREPORT:PROMPT /OUT:"C:\Users\Manmade\Desktop\ОАИП\Код-2сем\lab3\x64\Debug\Var15.1.exe" /INCREMENTAL /ILK:"x64\Debug\Var15.1.ilk" /NOLOGO kernel32.lib user32.lib gdi32.lib winspool.lib comdlg32.lib advapi32.lib shell32.lib ole32.lib oleaut32.lib uuid.lib odbc32.lib odbccp32.lib /MANIFEST /MANIFESTUAC:"level='asInvoker' uiAccess='false'" /manifest:embed /DEBUG /PDB:"C:\Users\Manmade\Desktop\ОАИП\Код-2сем\lab3\x64\Debug\Var15.1.pdb" /SUBSYSTEM:CONSOLE /TLBID:1 /DYNAMICBASE /NXCOMPAT /IMPLIB:"C:\Users\Manmade\Desktop\ОАИП\Код-2сем\lab3\x64\Debug\Var15.1.lib" /MACHINE:X64 x64\Debug\Var15.1.obj
         Var15.1.vcxproj -> C:\Users\Manmade\Desktop\ОАИП\Код-2сем\lab3\x64\Debug\Var15.1.exe
       FinalizeBuildStatus:
         Файл "x64\Debug\Var15.1.tlog\unsuccessfulbuild" удаляется.
         Обращение к "x64\Debug\Var15.1.tlog\Var15.1.lastbuildstate".
     1>Сборка проекта "C:\Users\Manmade\Desktop\ОАИП\Код-2сем\lab3\Var15.1\Var15.1.vcxproj" завершена (целевые объекты Build).

Сборка успешно завершена.

       "C:\Users\Manmade\Desktop\ОАИП\Код-2сем\lab3\Var15.1\Var15.1.vcxproj" (целевой объект Build ) (1) ->
       (Целевой объект ClCompile) -> 
         C:\Users\Manmade\Desktop\ОАИП\Код-2сем\lab3\Var15.1\Var15.1.cpp(8,1): warning C4326: возвращаемый тип "main" должен быть "int", а не "void"
         C:\Users\Manmade\Desktop\ОАИП\Код-2сем\lab3\Var15.1\Var15.1.cpp(17,20): warning C4267: инициализация: преобразование из "size_t" в "int"; возможна потеря данных
         C:\Users\Manmade\Desktop\ОАИП\Код-2сем\lab3\Var15.1\Var15.1.cpp(85,19): warning C4267: инициализация: преобразование из "size_t" в "int"; возможна потеря данных
         C:\Users\Manmade\Desktop\ОАИП\Код-2сем\lab3\Var15.1\Var15.1.cpp(109,17): warning C4267: инициализация: преобразование из "size_t" в "int"; возможна потеря данных

    Предупреждений: 4
    Ошибок: 0

Прошло времени 00:00:00.92
